E:\DOCS\GITHUB\GAME\GAME\DEBUG\GAME.OBJ
E:\DOCS\GITHUB\GAME\GAME\DEBUG\INPUTCOMPONENT.OBJ
E:\DOCS\GITHUB\GAME\GAME\DEBUG\ENTITY.OBJ
E:\DOCS\GITHUB\GAME\GAME\DEBUG\WORLD.OBJ
E:\DOCS\GITHUB\GAME\GAME\DEBUG\GRAPHICSCOMPONENT.OBJ
E:\DOCS\GITHUB\GAME\GAME\DEBUG\VC110.PDB
E:\DOCS\GITHUB\GAME\GAME\DEBUG\PHYSICSCOMPONENT.OBJ
E:\DOCS\GITHUB\GAME\GAME\DEBUG\MAIN.OBJ
E:\DOCS\GITHUB\GAME\GAME\DEBUG\GAME.LIB
E:\DOCS\GitHub\Game\Game\Debug\Entity.obj
E:\DOCS\GitHub\Game\Game\Debug\Game.obj
E:\DOCS\GitHub\Game\Game\Debug\GraphicsComponent.obj
E:\DOCS\GitHub\Game\Game\Debug\InputComponent.obj
E:\DOCS\GitHub\Game\Game\Debug\Main.obj
E:\DOCS\GitHub\Game\Game\Debug\PhysicsComponent.obj
E:\DOCS\GitHub\Game\Game\Debug\World.obj
E:\DOCS\GitHub\Game\Game\Debug\cl.command.1.tlog
E:\DOCS\GitHub\Game\Game\Debug\CL.read.1.tlog
E:\DOCS\GitHub\Game\Game\Debug\CL.write.1.tlog
E:\DOCS\GitHub\Game\Game\Debug\Lib-link.read.1.tlog
E:\DOCS\GitHub\Game\Game\Debug\Lib-link.write.1.tlog
E:\DOCS\GitHub\Game\Game\Debug\lib.command.1.tlog
E:\DOCS\GitHub\Game\Game\Debug\vc110.idb
E:\DOCS\GitHub\Game\Game\Debug\vc110.pdb
E:\DOCS\GitHub\Game\Game\Debug\Game.lib
